{
  "RSpec": {
    "coverage": {
      "/Users/coryhaber/dev/researchr_app/researchr/app/helpers/application_helper.rb": [
        1,
        1,
        4,
        0,
        null,
        4,
        null,
        null,
        null,
        1,
        2,
        2,
        0,
        0,
        null,
        0,
        null,
        null,
        null
      ],
      "/Users/coryhaber/dev/researchr_app/researchr/app/models/user.rb": [
        1,
        1,
        1,
        1,
        1,
        1,
        null,
        null
      ],
      "/Users/coryhaber/dev/researchr_app/researchr/app/controllers/welcome_controller.rb": [
        1,
        1,
        null,
        null
      ],
      "/Users/coryhaber/dev/researchr_app/researchr/app/controllers/application_controller.rb": [
        1,
        null,
        null,
        1,
        null,
        null,
        1,
        34,
        null,
        null,
        1,
        17,
        null,
        null,
        1,
        null
      ],
      "/Users/coryhaber/dev/researchr_app/researchr/app/controllers/session_controller.rb": [
        1,
        null,
        1,
        6,
        null,
        null,
        1,
        null,
        6,
        null,
        null,
        null,
        6,
        null,
        null,
        6,
        null,
        null,
        6,
        null,
        null,
        null,
        0,
        0,
        null,
        null,
        null,
        1,
        0,
        0,
        null,
        null,
        null
      ],
      "/Users/coryhaber/dev/researchr_app/researchr/app/controllers/users_controller.rb": [
        1,
        null,
        1,
        1,
        null,
        1,
        1,
        1,
        null,
        null,
        1,
        1,
        null,
        1,
        1,
        1,
        null,
        0,
        null,
        null,
        null,
        1,
        null,
        null,
        1,
        1,
        null,
        null,
        1,
        1,
        1,
        1,
        null,
        0,
        null,
        null,
        null,
        1,
        1,
        1,
        1,
        null,
        null,
        1,
        null,
        1,
        12,
        null,
        null,
        1,
        2,
        null,
        null,
        1,
        12,
        0,
        null,
        null,
        null,
        1,
        12,
        0,
        null,
        null,
        null
      ],
      "/Users/coryhaber/dev/researchr_app/researchr/app/models/query.rb": [
        1,
        1,
        1,
        1,
        null,
        null
      ],
      "/Users/coryhaber/dev/researchr_app/researchr/app/controllers/queries_controller.rb": [
        1,
        null,
        1,
        1,
        null,
        1,
        3,
        3,
        2,
        null,
        null,
        null,
        1,
        2,
        2,
        null,
        null,
        1,
        2,
        2,
        2,
        null,
        0,
        null,
        null,
        null,
        1,
        0,
        0,
        0,
        null,
        null,
        1,
        1,
        1,
        1,
        null,
        null,
        1,
        null,
        1,
        5,
        null,
        null,
        1,
        2,
        2,
        null,
        null,
        1,
        2,
        null,
        null,
        1,
        5,
        0,
        null,
        null,
        null,
        1,
        5,
        0,
        null,
        null,
        null
      ]
    },
    "timestamp": 1393712983
  }
}
